<?xml version="1.0" encoding="UTF-8"?>
<!-- Generated by org.testng.reporters.JUnitReportReporter -->
<testsuite hostname="LAPTOP-Q4V8JKMR" name="com.hrms.testscripts.TC001" tests="1" failures="0" timestamp="14 Aug 2022 08:28:12 GMT" time="8.346" errors="0">
  <testcase name="tc001" time="8.346" classname="com.hrms.testscripts.TC001"/>
</testsuite> <!-- com.hrms.testscripts.TC001 -->
