<?xml version="1.0" encoding="UTF-8"?>
<!-- Generated by org.testng.reporters.JUnitReportReporter -->
<testsuite hostname="LAPTOP-Q4V8JKMR" name="com.hrms.testscripts.TC002" tests="1" failures="0" timestamp="14 Aug 2022 08:28:12 GMT" time="12.831" errors="0">
  <testcase name="tc002" time="12.831" classname="com.hrms.testscripts.TC002"/>
</testsuite> <!-- com.hrms.testscripts.TC002 -->
