<?xml version="1.0" encoding="UTF-8"?>
<!-- Generated by org.testng.reporters.JUnitReportReporter -->
<testsuite hostname="LAPTOP-Q4V8JKMR" name="com.hrms.testscripts.TC004" tests="1" failures="0" timestamp="14 Aug 2022 08:28:12 GMT" time="29.388" errors="0">
  <testcase name="tc004" time="29.388" classname="com.hrms.testscripts.TC004"/>
</testsuite> <!-- com.hrms.testscripts.TC004 -->
